<?xml version="1.0" encoding="utf-8"?><testsuites name="pytest tests"><testsuite name="pytest" errors="0" failures="0" skipped="0" tests="6" time="0.856" timestamp="2026-03-12T08:58:02.454079+00:00" hostname="agent-env-abb938ae-fc10-47ec-bce0-ea1e82b21cae"><testcase classname="backend.tests.test_tailor_public_api" name="test_get_services_content" time="0.169" /><testcase classname="backend.tests.test_tailor_public_api" name="test_get_gallery_content" time="0.105" /><testcase classname="backend.tests.test_tailor_public_api" name="test_get_contact_content" time="0.109" /><testcase classname="backend.tests.test_tailor_public_api" name="test_create_design_request_and_verify_list" time="0.155" /><testcase classname="backend.tests.test_tailor_public_api" name="test_create_appointment_and_verify_list" time="0.181" /><testcase classname="backend.tests.test_tailor_public_api" name="test_appointment_validation_error_for_invalid_date" time="0.104" /></testsuite></testsuites>