<?xml version="1.0" encoding="utf-8"?><testsuites name="pytest tests"><testsuite name="pytest" errors="0" failures="0" skipped="0" tests="12" time="4.233" timestamp="2026-03-13T07:21:48.261652+00:00" hostname="agent-env-abb938ae-fc10-47ec-bce0-ea1e82b21cae"><testcase classname="backend.tests.test_admin_flows" name="test_admin_login_success" time="0.421" /><testcase classname="backend.tests.test_admin_flows" name="test_admin_dashboard_protected_without_token" time="0.113" /><testcase classname="backend.tests.test_admin_flows" name="test_admin_stats_with_token" time="0.418" /><testcase classname="backend.tests.test_admin_flows" name="test_admin_create_design_and_verify_public_visibility" time="0.480" /><testcase classname="backend.tests.test_admin_flows" name="test_admin_update_appointment_and_order_status" time="0.673" /><testcase classname="backend.tests.test_admin_flows" name="test_admin_forgot_reset_password_and_restore_default" time="1.261" /><testcase classname="backend.tests.test_tailor_public_api" name="test_get_designs_content" time="0.098" /><testcase classname="backend.tests.test_tailor_public_api" name="test_get_gallery_content" time="0.098" /><testcase classname="backend.tests.test_tailor_public_api" name="test_get_contact_content" time="0.117" /><testcase classname="backend.tests.test_tailor_public_api" name="test_create_appointment_and_verify_list" time="0.240" /><testcase classname="backend.tests.test_tailor_public_api" name="test_create_order_and_verify_admin_list" time="0.146" /><testcase classname="backend.tests.test_tailor_public_api" name="test_appointment_validation_error_for_invalid_date" time="0.102" /></testsuite></testsuites>